<?xml version="1.0" encoding="UTF-8"?>
<testsuite xmlns:xsi="http://www.w3.org/2001/XMLSchema-instance" xsi:noNamespaceSchemaLocation="https://maven.apache.org/surefire/maven-surefire-plugin/xsd/surefire-test-report.xsd" name="com.training.ProductServiceTest" time="0.073" tests="3" errors="0" skipped="0" failures="1">
  <properties>
[...]
</properties>
  <testcase name="testFindProduct" classname="com.training.ProductServiceTest" time="0.047"/>
  <testcase name="testFindDiscount" classname="com.training.ProductServiceTest" time="0"/>
  <testcase name="testFindProductLength" classname="com.training.ProductServiceTest" time="0.016">
    <failure message="expected: &lt;4&gt; but was: &lt;5&gt;" type="org.opentest4j.AssertionFailedError"><![CDATA[org.opentest4j.AssertionFailedError: expected: <4> but was: <5>
	at com.training.ProductServiceTest.testFindProductLength(ProductServiceTest.java:39)
]]></failure>
  </testcase>
</testsuite>